<?xml version="1.0" encoding="UTF-8"?>
<!-- Generated by org.testng.reporters.JUnitReportReporter -->
<testsuite skipped="0" hostname="Samarth" name="test.Testing2" tests="2" failures="0" timestamp="05 Dec 2020 17:27:47 GMT" time="0.000" errors="0">
  <testcase name="test4" time="0.000" classname="test.Testing2"/>
  <testcase name="test5" time="0.000" classname="test.Testing2"/>
</testsuite> <!-- test.Testing2 -->
