<?xml version="1.0" encoding="UTF-8"?>
<!-- Generated by org.testng.reporters.JUnitReportReporter -->
<testsuite skipped="0" hostname="Samarth" name="test.Testing1" tests="5" failures="0" timestamp="05 Dec 2020 17:27:47 GMT" time="0.011" errors="0">
  <testcase name="Test3" time="0.002" classname="test.Testing1"/>
  <testcase name="testDP" time="0.001" classname="test.Testing1"/>
  <testcase name="Test2" time="0.002" classname="test.Testing1"/>
  <testcase name="testDP" time="0.003" classname="test.Testing1"/>
  <testcase name="Test1" time="0.003" classname="test.Testing1"/>
</testsuite> <!-- test.Testing1 -->
