<?xml version="1.0" encoding="UTF-8"?>
<!-- Generated by org.testng.reporters.JUnitReportReporter -->
<testsuite skipped="0" hostname="Samarth" name="test.AppTest" tests="1" failures="0" timestamp="05 Dec 2020 17:27:47 GMT" time="0.010" errors="0">
  <testcase name="shouldAnswerWithTrue" time="0.010" classname="test.AppTest"/>
</testsuite> <!-- test.AppTest -->
