<?xml version="1.0" encoding="UTF-8"?>
<!-- Generated by org.testng.reporters.JUnitReportReporter -->
<testsuite hostname="Samarth" failures="0" tests="5" name="test.Testing1" time="0.024" errors="0" timestamp="05 Dec. 2020 17:11:23 GMT" skipped="0">
  <testcase classname="test.Testing1" name="Test2" time="0.003"/>
  <testcase classname="test.Testing1" name="testDP" time="0.005"/>
  <testcase classname="test.Testing1" name="Test1" time="0.009"/>
  <testcase classname="test.Testing1" name="Test3" time="0.002"/>
  <testcase classname="test.Testing1" name="testDP" time="0.005"/>
</testsuite> <!-- test.Testing1 -->
