<?xml version="1.0" encoding="UTF-8"?>
<!-- Generated by org.testng.reporters.JUnitReportReporter -->
<testsuite hostname="Samarth" failures="0" tests="2" name="test.Testing2" time="0.006" errors="0" timestamp="05 Dec. 2020 17:11:23 GMT" skipped="0">
  <testcase classname="test.Testing2" name="test5" time="0.003"/>
  <testcase classname="test.Testing2" name="test4" time="0.003"/>
</testsuite> <!-- test.Testing2 -->
